<?xml version="1.0" encoding="UTF-8"?>
<testsuite xmlns:xsi="http://www.w3.org/2001/XMLSchema-instance" xsi:noNamespaceSchemaLocation="https://maven.apache.org/surefire/maven-surefire-plugin/xsd/surefire-test-report.xsd" version="3.0.2" name="badIceCream.GUI.GraphicsTest" time="0.143" tests="80" errors="0" skipped="0" failures="0">
  <properties>
[...]
</properties>
  <testcase name="testDrawAppleFruit" classname="badIceCream.GUI.GraphicsTest" time="0.075"/>
  <testcase name="testDrawJumperMonster(String, char)[1]" classname="badIceCream.GUI.GraphicsTest" time="0.0"/>
  <testcase name="testDrawJumperMonster(String, char)[2]" classname="badIceCream.GUI.GraphicsTest" time="0.0"/>
  <testcase name="testDrawJumperMonster(String, char)[3]" classname="badIceCream.GUI.GraphicsTest" time="0.001"/>
  <testcase name="testDrawJumperMonster(String, char)[4]" classname="badIceCream.GUI.GraphicsTest" time="0.0"/>
  <testcase name="testDrawRunnerMonster(String, String, char)[1]" classname="badIceCream.GUI.GraphicsTest" time="0.002"/>
  <testcase name="testDrawRunnerMonster(String, String, char)[2]" classname="badIceCream.GUI.GraphicsTest" time="0.0"/>
  <testcase name="testDrawRunnerMonster(String, String, char)[3]" classname="badIceCream.GUI.GraphicsTest" time="0.001"/>
  <testcase name="testDrawRunnerMonster(String, String, char)[4]" classname="badIceCream.GUI.GraphicsTest" time="0.0"/>
  <testcase name="testDrawRunnerMonster(String, String, char)[5]" classname="badIceCream.GUI.GraphicsTest" time="0.0"/>
  <testcase name="testDrawRunnerMonster(String, String, char)[6]" classname="badIceCream.GUI.GraphicsTest" time="0.0"/>
  <testcase name="testDrawRunnerMonster(String, String, char)[7]" classname="badIceCream.GUI.GraphicsTest" time="0.001"/>
  <testcase name="testDrawRunnerMonster(String, String, char)[8]" classname="badIceCream.GUI.GraphicsTest" time="0.001"/>
  <testcase name="drawStrawberryFruit" classname="badIceCream.GUI.GraphicsTest" time="0.0"/>
  <testcase name="testDrawIceCream" classname="badIceCream.GUI.GraphicsTest" time="0.001"/>
  <testcase name="testDrawStoneWall" classname="badIceCream.GUI.GraphicsTest" time="0.0"/>
  <testcase name="testDrawBananFruit" classname="badIceCream.GUI.GraphicsTest" time="0.001"/>
  <testcase name="testNextAction2" classname="badIceCream.GUI.GraphicsTest" time="0.017"/>
  <testcase name="testDrawText" classname="badIceCream.GUI.GraphicsTest" time="0.001"/>
  <testcase name="testDrawHotFloor(int, char)[1]" classname="badIceCream.GUI.GraphicsTest" time="0.001"/>
  <testcase name="testDrawHotFloor(int, char)[2]" classname="badIceCream.GUI.GraphicsTest" time="0.0"/>
  <testcase name="testDrawHotFloor(int, char)[3]" classname="badIceCream.GUI.GraphicsTest" time="0.001"/>
  <testcase name="testDrawHotFloor(int, char)[4]" classname="badIceCream.GUI.GraphicsTest" time="0.0"/>
  <testcase name="testDrawHotFloor(int, char)[5]" classname="badIceCream.GUI.GraphicsTest" time="0.001"/>
  <testcase name="testDrawHotFloor(int, char)[6]" classname="badIceCream.GUI.GraphicsTest" time="0.0"/>
  <testcase name="testDrawHotFloor(int, char)[7]" classname="badIceCream.GUI.GraphicsTest" time="0.0"/>
  <testcase name="testDrawHotFloor(int, char)[8]" classname="badIceCream.GUI.GraphicsTest" time="0.0"/>
  <testcase name="testDrawHotFloor(int, char)[9]" classname="badIceCream.GUI.GraphicsTest" time="0.0"/>
  <testcase name="testDrawHotFloor(int, char)[10]" classname="badIceCream.GUI.GraphicsTest" time="0.0"/>
  <testcase name="testDrawHotFloor(int, char)[11]" classname="badIceCream.GUI.GraphicsTest" time="0.0"/>
  <testcase name="testDrawHotFloor(int, char)[12]" classname="badIceCream.GUI.GraphicsTest" time="0.0"/>
  <testcase name="testDrawHotFloor(int, char)[13]" classname="badIceCream.GUI.GraphicsTest" time="0.0"/>
  <testcase name="testDrawHotFloor(int, char)[14]" classname="badIceCream.GUI.GraphicsTest" time="0.001"/>
  <testcase name="testDrawHotFloor(int, char)[15]" classname="badIceCream.GUI.GraphicsTest" time="0.0"/>
  <testcase name="testDrawHotFloor(int, char)[16]" classname="badIceCream.GUI.GraphicsTest" time="0.001"/>
  <testcase name="testDrawHotFloor(int, char)[17]" classname="badIceCream.GUI.GraphicsTest" time="0.001"/>
  <testcase name="testDrawHotFloor(int, char)[18]" classname="badIceCream.GUI.GraphicsTest" time="0.0"/>
  <testcase name="testDrawHotFloor(int, char)[19]" classname="badIceCream.GUI.GraphicsTest" time="0.0"/>
  <testcase name="testDrawHotFloor(int, char)[20]" classname="badIceCream.GUI.GraphicsTest" time="0.0"/>
  <testcase name="testDrawHotFloor(int, char)[21]" classname="badIceCream.GUI.GraphicsTest" time="0.0"/>
  <testcase name="testDrawHotFloor(int, char)[22]" classname="badIceCream.GUI.GraphicsTest" time="0.0"/>
  <testcase name="testDrawHotFloor(int, char)[23]" classname="badIceCream.GUI.GraphicsTest" time="0.0"/>
  <testcase name="testDrawHotFloor(int, char)[24]" classname="badIceCream.GUI.GraphicsTest" time="0.0"/>
  <testcase name="testDrawHotFloor(int, char)[25]" classname="badIceCream.GUI.GraphicsTest" time="0.0"/>
  <testcase name="testDrawHotFloor(int, char)[26]" classname="badIceCream.GUI.GraphicsTest" time="0.0"/>
  <testcase name="testDrawHotFloor(int, char)[27]" classname="badIceCream.GUI.GraphicsTest" time="0.001"/>
  <testcase name="testDrawHotFloor(int, char)[28]" classname="badIceCream.GUI.GraphicsTest" time="0.0"/>
  <testcase name="testDrawHotFloor(int, char)[29]" classname="badIceCream.GUI.GraphicsTest" time="0.001"/>
  <testcase name="testDrawHotFloor(int, char)[30]" classname="badIceCream.GUI.GraphicsTest" time="0.0"/>
  <testcase name="drawCherryFruit" classname="badIceCream.GUI.GraphicsTest" time="0.0"/>
  <testcase name="testDrawIceWall(int, char)[1]" classname="badIceCream.GUI.GraphicsTest" time="0.0"/>
  <testcase name="testDrawIceWall(int, char)[2]" classname="badIceCream.GUI.GraphicsTest" time="0.001"/>
  <testcase name="testDrawIceWall(int, char)[3]" classname="badIceCream.GUI.GraphicsTest" time="0.0"/>
  <testcase name="testDrawIceWall(int, char)[4]" classname="badIceCream.GUI.GraphicsTest" time="0.0"/>
  <testcase name="testDrawIceWall(int, char)[5]" classname="badIceCream.GUI.GraphicsTest" time="0.0"/>
  <testcase name="testDrawIceWall(int, char)[6]" classname="badIceCream.GUI.GraphicsTest" time="0.0"/>
  <testcase name="testDrawIceWall(int, char)[7]" classname="badIceCream.GUI.GraphicsTest" time="0.001"/>
  <testcase name="testDrawIceWall(int, char)[8]" classname="badIceCream.GUI.GraphicsTest" time="0.0"/>
  <testcase name="testDrawIceWall(int, char)[9]" classname="badIceCream.GUI.GraphicsTest" time="0.001"/>
  <testcase name="testDrawIceWall(int, char)[10]" classname="badIceCream.GUI.GraphicsTest" time="0.001"/>
  <testcase name="testDrawIceWall(int, char)[11]" classname="badIceCream.GUI.GraphicsTest" time="0.0"/>
  <testcase name="testDrawCharacters" classname="badIceCream.GUI.GraphicsTest" time="0.001"/>
  <testcase name="testDrawDefaultMonster(String, char)[1]" classname="badIceCream.GUI.GraphicsTest" time="0.001"/>
  <testcase name="testDrawDefaultMonster(String, char)[2]" classname="badIceCream.GUI.GraphicsTest" time="0.0"/>
  <testcase name="testDrawDefaultMonster(String, char)[3]" classname="badIceCream.GUI.GraphicsTest" time="0.001"/>
  <testcase name="testDrawDefaultMonster(String, char)[4]" classname="badIceCream.GUI.GraphicsTest" time="0.0"/>
  <testcase name="drawPineappleFruit" classname="badIceCream.GUI.GraphicsTest" time="0.001"/>
  <testcase name="testGetGui" classname="badIceCream.GUI.GraphicsTest" time="0.0"/>
  <testcase name="testDrawWallBreakerMonster(String, char)[1]" classname="badIceCream.GUI.GraphicsTest" time="0.0"/>
  <testcase name="testDrawWallBreakerMonster(String, char)[2]" classname="badIceCream.GUI.GraphicsTest" time="0.0"/>
  <testcase name="testDrawWallBreakerMonster(String, char)[3]" classname="badIceCream.GUI.GraphicsTest" time="0.0"/>
  <testcase name="testDrawWallBreakerMonster(String, char)[4]" classname="badIceCream.GUI.GraphicsTest" time="0.0"/>
  <testcase name="testScreen" classname="badIceCream.GUI.GraphicsTest" time="0.001"/>
  <testcase name="testNextAction(KeyType, ACTION)[1]" classname="badIceCream.GUI.GraphicsTest" time="0.001"/>
  <testcase name="testNextAction(KeyType, ACTION)[2]" classname="badIceCream.GUI.GraphicsTest" time="0.0"/>
  <testcase name="testNextAction(KeyType, ACTION)[3]" classname="badIceCream.GUI.GraphicsTest" time="0.001"/>
  <testcase name="testNextAction(KeyType, ACTION)[4]" classname="badIceCream.GUI.GraphicsTest" time="0.0"/>
  <testcase name="testNextAction(KeyType, ACTION)[5]" classname="badIceCream.GUI.GraphicsTest" time="0.001"/>
  <testcase name="testNextAction(KeyType, ACTION)[6]" classname="badIceCream.GUI.GraphicsTest" time="0.0"/>
  <testcase name="testNextAction(KeyType, ACTION)[7]" classname="badIceCream.GUI.GraphicsTest" time="0.001"/>
</testsuite>